1	N	48
1	J	48
0	J	48
1	R	48
2	N	48
2	J	49
1	W	49
2	R	49
3	N	63
3	J	64
2	J	64
3	R	64
3	W	68
2	R	68
2	E	73
1	J	73
1	R	73
4	N	73
4	J	74
1	W	74
4	R	74
5	N	106
5	J	106
4	W	107
5	R	107
4	J	109
5	E	109
4	R	109
0	J	109
4	W	115
0	R	115
0	W	115
4	J	688
4	R	688
0	J	688
4	W	688
0	R	688
4	J	739
4	R	739
0	J	739
4	W	739
0	R	739
4	J	778
4	R	778
0	J	778
4	W	778
0	R	778
4	J	928
4	R	928
0	J	928
6	N	930
6	J	930
4	W	931
6	R	931
6	E	936
4	J	936
4	R	937
7	N	937
7	J	937
4	W	938
7	R	938
4	J	940
7	E	940
4	R	940
0	J	940
4	W	941
0	R	941
4	J	958
4	R	958
0	J	958
4	W	958
0	R	958
4	J	1832
4	R	1832
0	J	1832
4	W	1833
0	R	1833
4	J	1862
4	R	1862
0	J	1862
4	W	1862
0	R	1862
4	J	1910
4	R	1910
0	J	1910
4	W	1910
0	R	1910
4	J	1940
4	R	1940
0	J	1940
4	W	1940
0	R	1941
4	J	2368
4	R	2368
0	J	2368
4	W	2368
0	R	2368
4	J	2412
4	R	2412
0	J	2412
4	W	2412
0	R	2413
4	J	2458
4	R	2458
0	J	2458
4	W	2458
0	R	2458
4	J	2488
4	R	2488
0	J	2488
4	W	2488
0	R	2488
4	J	2698
4	R	2698
0	J	2698
8	N	2699
8	J	2700
4	W	2700
8	R	2700
8	E	2705
4	J	2705
4	R	2705
9	N	2705
9	J	2706
4	W	2706
9	R	2706
4	J	2708
9	E	2709
4	R	2709
0	J	2709
4	W	2709
0	R	2709
4	J	2726
4	R	2726
0	J	2726
4	W	2726
0	R	2726
3	J	3066
3	R	3066
3	W	3066
0	R	3066
4	J	3477
4	R	3477
0	J	3477
4	W	3477
0	R	3477
4	J	3508
4	R	3508
0	J	3508
4	W	3508
0	R	3508
4	J	3538
4	R	3538
0	J	3538
4	W	3538
0	R	3538
4	J	3568
4	R	3568
0	J	3568
4	W	3568
0	R	3568
4	J	4058
4	R	4058
0	J	4058
4	W	4058
0	R	4058
4	J	4078
4	R	4078
0	J	4078
4	W	4078
0	R	4078
4	J	4147
4	R	4147
0	J	4147
4	W	4147
0	R	4147
4	J	4176
4	R	4176
0	J	4177
4	W	4177
0	R	4177
4	J	4198
4	R	4198
0	J	4198
4	W	4198
0	R	4198
4	J	4228
4	R	4228
0	J	4228
4	W	4228
0	R	4228
4	J	4671
4	R	4671
0	J	4671
4	W	4671
0	R	4671
4	J	4703
4	R	4703
0	J	4703
4	W	4703
0	R	4703
4	J	4798
4	R	4798
0	J	4798
4	W	4798
0	R	4798
4	J	4828
4	R	4828
0	J	4828
4	W	4828
0	R	4828
4	J	4881
4	R	4881
0	J	4881
4	W	4881
0	R	4881
4	J	4900
4	R	4900
0	J	4900
4	W	4900
0	R	4900
4	J	4948
4	R	4948
0	J	4948
4	W	4948
0	R	4948
4	J	4964
4	R	4964
0	J	4964
4	W	4964
0	R	4964
4	J	5308
4	R	5308
0	J	5308
10	N	5309
10	J	5309
4	W	5310
10	R	5310
11	N	5311
11	J	5312
12	N	5312
12	J	5313
10	W	5313
12	R	5313
12	J	5328
11	R	5328
11	J	5343
12	R	5343
12	J	5358
11	R	5358
11	J	5373
12	R	5373
12	J	5388
11	R	5388
11	J	5403
12	R	5403
12	J	5418
11	R	5418
11	J	5433
12	R	5433
12	J	5448
11	R	5448
11	J	5463
12	R	5463
12	J	5478
11	R	5478
11	J	5493
12	R	5493
12	J	5508
11	R	5508
11	J	5523
12	R	5523
12	J	5538
11	R	5538
11	J	5553
12	R	5553
12	J	5568
11	R	5568
11	J	5583
12	R	5583
12	J	5598
11	R	5598
11	J	5613
12	R	5613
12	J	5628
11	R	5628
11	J	5643
12	R	5643
12	J	5658
11	R	5658
11	J	5673
12	R	5673
12	J	5688
11	R	5688
11	J	5703
12	R	5703
12	J	5718
11	R	5718
11	J	5733
12	R	5733
12	J	5748
11	R	5748
11	J	5763
12	R	5763
12	J	5778
11	R	5778
11	J	5793
12	R	5793
12	J	5808
11	R	5808
11	J	5823
12	R	5823
12	J	5838
11	R	5838
11	J	5853
12	R	5853
12	J	5868
11	R	5868
11	J	5883
12	R	5883
12	J	5898
11	R	5898
11	J	5913
12	R	5913
12	J	5928
11	R	5928
11	J	5943
12	R	5943
12	J	5958
11	R	5958
11	J	5973
12	R	5973
12	J	5988
11	R	5988
11	J	6003
12	R	6003
12	J	6018
11	R	6018
11	J	6033
12	R	6033
12	J	6048
11	R	6048
11	J	6063
12	R	6063
12	J	6078
11	R	6078
11	J	6093
12	R	6093
12	J	6108
11	R	6108
11	J	6123
12	R	6123
12	J	6138
11	R	6138
11	J	6153
12	R	6153
12	J	6168
11	R	6168
11	J	6183
12	R	6183
12	J	6198
11	R	6198
11	J	6213
12	R	6213
12	J	6228
11	R	6228
11	J	6243
12	R	6243
12	J	6258
11	R	6258
11	J	6273
12	R	6273
12	J	6288
11	R	6288
11	J	6303
12	R	6303
12	J	6318
11	R	6318
11	J	6333
12	R	6333
12	J	6348
11	R	6348
11	J	6363
12	R	6363
12	J	6378
11	R	6378
11	J	6393
12	R	6393
12	J	6408
11	R	6408
11	J	6423
12	R	6423
12	J	6438
11	R	6438
11	J	6453
12	R	6453
12	J	6468
11	R	6468
11	J	6483
12	R	6483
12	J	6498
11	R	6498
11	J	6513
12	R	6513
12	J	6528
11	R	6528
11	J	6543
12	R	6543
12	J	6558
11	R	6558
11	J	6573
12	R	6573
12	J	6588
11	R	6588
11	J	6603
12	R	6603
12	J	6618
11	R	6618
11	J	6633
12	R	6633
12	J	6648
11	R	6648
11	J	6663
12	R	6663
12	J	6678
11	R	6678
11	J	6693
12	R	6693
12	J	6708
11	R	6708
11	J	6723
12	R	6723
12	J	6738
11	R	6738
11	J	6753
12	R	6753
12	J	6768
11	R	6768
11	J	6783
12	R	6783
12	J	6798
11	R	6798
11	J	6813
12	R	6813
12	J	6828
11	R	6828
11	J	6843
12	R	6843
12	J	6858
11	R	6858
11	J	6873
12	R	6873
12	J	6888
11	R	6888
11	J	6903
12	R	6903
12	J	6918
11	R	6918
11	J	6933
12	R	6933
12	J	6948
11	R	6948
11	J	6963
12	R	6963
12	J	6978
11	R	6978
11	J	6993
12	R	6993
12	J	7008
11	R	7008
11	J	7023
12	R	7023
12	J	7038
11	R	7038
11	J	7053
12	R	7053
12	J	7068
11	R	7068
11	J	7083
12	R	7083
12	J	7098
11	R	7098
11	J	7113
12	R	7113
12	J	7128
11	R	7128
11	J	7143
12	R	7143
12	J	7158
11	R	7158
11	J	7173
12	R	7173
12	J	7188
11	R	7188
11	J	7203
12	R	7203
12	J	7218
11	R	7218
11	J	7233
12	R	7233
12	J	7248
11	R	7248
11	J	7263
12	R	7263
12	J	7278
11	R	7278
11	J	7293
12	R	7293
12	E	7304
10	J	7304
10	R	7304
10	W	7304
11	R	7304
11	E	7314
10	J	7314
10	R	7314
10	E	7314
4	J	7314
4	R	7315
13	N	7315
13	J	7315
4	W	7316
13	R	7316
4	J	7318
13	E	7318
4	R	7319
0	J	7319
4	W	7319
0	R	7319
4	J	8428
4	R	8428
0	J	8428
4	W	8428
0	R	8428
4	J	8435
4	R	8435
0	J	8435
4	W	8435
0	R	8435
4	J	8488
4	R	8488
0	J	8488
4	W	8488
0	R	8488
4	J	8518
4	R	8518
0	J	8518
4	W	8518
0	R	8518
4	J	8698
4	R	8698
0	J	8698
4	W	8698
0	R	8698
4	J	8746
4	R	8747
0	J	8747
4	W	8747
0	R	8747
4	J	8758
4	R	8758
0	J	8758
4	W	8758
0	R	8758
4	J	8788
4	R	8788
0	J	8788
4	W	8788
0	R	8788
4	J	9118
4	R	9118
0	J	9118
14	N	9119
14	J	9119
4	W	9120
14	R	9120
